# JRE version: Java(TM) SE Runtime Environment (8.0_191-b12) (build 1.8.0_191-b12)
# Java VM: Java HotSpot(TM) 64-Bit Server VM (25.191-b12 mixed mode windows-amd64 compressed oops)
Heap:
 PSYoungGen      total 67584K, used 12899K [0x00000000d7700000, 0x00000000dbe00000, 0x0000000100000000)
  eden space 62464K, 20% used [0x00000000d7700000,0x00000000d8398c58,0x00000000db400000)
  from space 5120K, 0% used [0x00000000db400000,0x00000000db400000,0x00000000db900000)
  to   space 5120K, 0% used [0x00000000db900000,0x00000000db900000,0x00000000dbe00000)
 ParOldGen       total 77824K, used 16044K [0x0000000086400000, 0x000000008b000000, 0x00000000d7700000)
  object space 77824K, 20% used [0x0000000086400000,0x00000000873ab058,0x000000008b000000)
 Metaspace       used 23418K, capacity 23944K, committed 24064K, reserved 1071104K
  class space    used 2866K, capacity 3024K, committed 3072K, reserved 1048576K
GC Heap History (8 events):
Event: 0.471 GC heap before
{Heap before GC invocations=1 (full 0):
 PSYoungGen      total 36352K, used 31232K [0x00000000d7700000, 0x00000000d9f80000, 0x0000000100000000)
  eden space 31232K, 100% used [0x00000000d7700000,0x00000000d9580000,0x00000000d9580000)
  from space 5120K, 0% used [0x00000000d9a80000,0x00000000d9a80000,0x00000000d9f80000)
  to   space 5120K, 0% used [0x00000000d9580000,0x00000000d9580000,0x00000000d9a80000)
 ParOldGen       total 83456K, used 0K [0x0000000086400000, 0x000000008b580000, 0x00000000d7700000)
  object space 83456K, 0% used [0x0000000086400000,0x0000000086400000,0x000000008b580000)
 Metaspace       used 9867K, capacity 10182K, committed 10368K, reserved 1058816K
  class space    used 1081K, capacity 1145K, committed 1152K, reserved 1048576K
Event: 0.477 GC heap after
Heap after GC invocations=1 (full 0):
 PSYoungGen      total 36352K, used 5104K [0x00000000d7700000, 0x00000000dbe00000, 0x0000000100000000)
  eden space 31232K, 0% used [0x00000000d7700000,0x00000000d7700000,0x00000000d9580000)
  from space 5120K, 99% used [0x00000000d9580000,0x00000000d9a7c0f0,0x00000000d9a80000)
  to   space 5120K, 0% used [0x00000000db900000,0x00000000db900000,0x00000000dbe00000)
 ParOldGen       total 83456K, used 2182K [0x0000000086400000, 0x000000008b580000, 0x00000000d7700000)
  object space 83456K, 2% used [0x0000000086400000,0x0000000086621aa8,0x000000008b580000)
 Metaspace       used 9867K, capacity 10182K, committed 10368K, reserved 1058816K
  class space    used 1081K, capacity 1145K, committed 1152K, reserved 1048576K
}
Event: 0.815 GC heap before
{Heap before GC invocations=2 (full 0):
 PSYoungGen      total 36352K, used 36336K [0x00000000d7700000, 0x00000000dbe00000, 0x0000000100000000)
  eden space 31232K, 100% used [0x00000000d7700000,0x00000000d9580000,0x00000000d9580000)
  from space 5120K, 99% used [0x00000000d9580000,0x00000000d9a7c0f0,0x00000000d9a80000)
  to   space 5120K, 0% used [0x00000000db900000,0x00000000db900000,0x00000000dbe00000)
 ParOldGen       total 83456K, used 2182K [0x0000000086400000, 0x000000008b580000, 0x00000000d7700000)
  object space 83456K, 2% used [0x0000000086400000,0x0000000086621aa8,0x000000008b580000)
 Metaspace       used 15277K, capacity 15576K, committed 15744K, reserved 1062912K
  class space    used 1787K, capacity 1888K, committed 1920K, reserved 1048576K
Event: 0.820 GC heap after
Heap after GC invocations=2 (full 0):
 PSYoungGen      total 67584K, used 5104K [0x00000000d7700000, 0x00000000dbe00000, 0x0000000100000000)
  eden space 62464K, 0% used [0x00000000d7700000,0x00000000d7700000,0x00000000db400000)
  from space 5120K, 99% used [0x00000000db900000,0x00000000dbdfc188,0x00000000dbe00000)
  to   space 5120K, 0% used [0x00000000db400000,0x00000000db400000,0x00000000db900000)
 ParOldGen       total 83456K, used 6249K [0x0000000086400000, 0x000000008b580000, 0x00000000d7700000)
  object space 83456K, 7% used [0x0000000086400000,0x0000000086a1a6f0,0x000000008b580000)
 Metaspace       used 15277K, capacity 15576K, committed 15744K, reserved 1062912K
  class space    used 1787K, capacity 1888K, committed 1920K, reserved 1048576K
}
Event: 1.064 GC heap before
{Heap before GC invocations=3 (full 0):
 PSYoungGen      total 67584K, used 32212K [0x00000000d7700000, 0x00000000dbe00000, 0x0000000100000000)
  eden space 62464K, 43% used [0x00000000d7700000,0x00000000d9179150,0x00000000db400000)
  from space 5120K, 99% used [0x00000000db900000,0x00000000dbdfc188,0x00000000dbe00000)
  to   space 5120K, 0% used [0x00000000db400000,0x00000000db400000,0x00000000db900000)
 ParOldGen       total 83456K, used 6249K [0x0000000086400000, 0x000000008b580000, 0x00000000d7700000)
  object space 83456K, 7% used [0x0000000086400000,0x0000000086a1a6f0,0x000000008b580000)
 Metaspace       used 20736K, capacity 21158K, committed 21296K, reserved 1069056K
  class space    used 2464K, capacity 2617K, committed 2688K, reserved 1048576K
Event: 1.072 GC heap after
Heap after GC invocations=3 (full 0):
 PSYoungGen      total 67584K, used 5112K [0x00000000d7700000, 0x00000000dbe00000, 0x0000000100000000)
  eden space 62464K, 0% used [0x00000000d7700000,0x00000000d7700000,0x00000000db400000)
  from space 5120K, 99% used [0x00000000db400000,0x00000000db8fe288,0x00000000db900000)
  to   space 5120K, 0% used [0x00000000db900000,0x00000000db900000,0x00000000dbe00000)
 ParOldGen       total 83456K, used 17428K [0x0000000086400000, 0x000000008b580000, 0x00000000d7700000)
  object space 83456K, 20% used [0x0000000086400000,0x0000000087505208,0x000000008b580000)
 Metaspace       used 20736K, capacity 21158K, committed 21296K, reserved 1069056K
  class space    used 2464K, capacity 2617K, committed 2688K, reserved 1048576K
}
Event: 1.072 GC heap before
{Heap before GC invocations=4 (full 1):
 PSYoungGen      total 67584K, used 5112K [0x00000000d7700000, 0x00000000dbe00000, 0x0000000100000000)
  eden space 62464K, 0% used [0x00000000d7700000,0x00000000d7700000,0x00000000db400000)
  from space 5120K, 99% used [0x00000000db400000,0x00000000db8fe288,0x00000000db900000)
  to   space 5120K, 0% used [0x00000000db900000,0x00000000db900000,0x00000000dbe00000)
 ParOldGen       total 83456K, used 17428K [0x0000000086400000, 0x000000008b580000, 0x00000000d7700000)
  object space 83456K, 20% used [0x0000000086400000,0x0000000087505208,0x000000008b580000)
 Metaspace       used 20736K, capacity 21158K, committed 21296K, reserved 1069056K
  class space    used 2464K, capacity 2617K, committed 2688K, reserved 1048576K
Event: 1.102 GC heap after
Heap after GC invocations=4 (full 1):
 PSYoungGen      total 67584K, used 0K [0x00000000d7700000, 0x00000000dbe00000, 0x0000000100000000)
  eden space 62464K, 0% used [0x00000000d7700000,0x00000000d7700000,0x00000000db400000)
  from space 5120K, 0% used [0x00000000db400000,0x00000000db400000,0x00000000db900000)
  to   space 5120K, 0% used [0x00000000db900000,0x00000000db900000,0x00000000dbe00000)
 ParOldGen       total 77824K, used 16044K [0x0000000086400000, 0x000000008b000000, 0x00000000d7700000)
  object space 77824K, 20% used [0x0000000086400000,0x00000000873ab058,0x000000008b000000)
 Metaspace       used 20736K, capacity 21158K, committed 21296K, reserved 1069056K
  class space    used 2464K, capacity 2617K, committed 2688K, reserved 1048576K
}

