# JRE version: Java(TM) SE Runtime Environment (8.0_191-b12) (build 1.8.0_191-b12)
# Java VM: Java HotSpot(TM) 64-Bit Server VM (25.191-b12 mixed mode windows-amd64 compressed oops)
Heap:
 PSYoungGen      total 158720K, used 71601K [0x00000000d7700000, 0x00000000e5600000, 0x0000000100000000)
  eden space 130560K, 54% used [0x00000000d7700000,0x00000000dbcec6a0,0x00000000df680000)
  from space 28160K, 0% used [0x00000000df680000,0x00000000df680000,0x00000000e1200000)
  to   space 32768K, 0% used [0x00000000e3600000,0x00000000e3600000,0x00000000e5600000)
 ParOldGen       total 120320K, used 57671K [0x0000000086400000, 0x000000008d980000, 0x00000000d7700000)
  object space 120320K, 47% used [0x0000000086400000,0x0000000089c51c28,0x000000008d980000)
 Metaspace       used 64201K, capacity 65160K, committed 65584K, reserved 1107968K
  class space    used 7426K, capacity 7656K, committed 7728K, reserved 1048576K
GC Heap History (10 events):
Event: 2.698 GC heap before
{Heap before GC invocations=8 (full 2):
 PSYoungGen      total 111616K, used 13362K [0x00000000d7700000, 0x00000000dfb80000, 0x0000000100000000)
  eden space 91648K, 0% used [0x00000000d7700000,0x00000000d7700000,0x00000000dd080000)
  from space 19968K, 66% used [0x00000000de800000,0x00000000df50c890,0x00000000dfb80000)
  to   space 22016K, 0% used [0x00000000dd080000,0x00000000dd080000,0x00000000de600000)
 ParOldGen       total 83968K, used 29603K [0x0000000086400000, 0x000000008b600000, 0x00000000d7700000)
  object space 83968K, 35% used [0x0000000086400000,0x00000000880e8f88,0x000000008b600000)
 Metaspace       used 34720K, capacity 35234K, committed 35496K, reserved 1081344K
  class space    used 4483K, capacity 4631K, committed 4656K, reserved 1048576K
Event: 2.733 GC heap after
Heap after GC invocations=8 (full 2):
 PSYoungGen      total 111616K, used 0K [0x00000000d7700000, 0x00000000dfb80000, 0x0000000100000000)
  eden space 91648K, 0% used [0x00000000d7700000,0x00000000d7700000,0x00000000dd080000)
  from space 19968K, 0% used [0x00000000de800000,0x00000000de800000,0x00000000dfb80000)
  to   space 22016K, 0% used [0x00000000dd080000,0x00000000dd080000,0x00000000de600000)
 ParOldGen       total 120320K, used 33787K [0x0000000086400000, 0x000000008d980000, 0x00000000d7700000)
  object space 120320K, 28% used [0x0000000086400000,0x00000000884fec88,0x000000008d980000)
 Metaspace       used 34720K, capacity 35234K, committed 35496K, reserved 1081344K
  class space    used 4483K, capacity 4631K, committed 4656K, reserved 1048576K
}
Event: 3.670 GC heap before
{Heap before GC invocations=9 (full 2):
 PSYoungGen      total 111616K, used 91648K [0x00000000d7700000, 0x00000000dfb80000, 0x0000000100000000)
  eden space 91648K, 100% used [0x00000000d7700000,0x00000000dd080000,0x00000000dd080000)
  from space 19968K, 0% used [0x00000000de800000,0x00000000de800000,0x00000000dfb80000)
  to   space 22016K, 0% used [0x00000000dd080000,0x00000000dd080000,0x00000000de600000)
 ParOldGen       total 120320K, used 33787K [0x0000000086400000, 0x000000008d980000, 0x00000000d7700000)
  object space 120320K, 28% used [0x0000000086400000,0x00000000884fec88,0x000000008d980000)
 Metaspace       used 44474K, capacity 45138K, committed 45488K, reserved 1089536K
  class space    used 5538K, capacity 5725K, committed 5808K, reserved 1048576K
Event: 3.681 GC heap after
Heap after GC invocations=9 (full 2):
 PSYoungGen      total 113664K, used 18892K [0x00000000d7700000, 0x00000000e2980000, 0x0000000100000000)
  eden space 91648K, 0% used [0x00000000d7700000,0x00000000d7700000,0x00000000dd080000)
  from space 22016K, 85% used [0x00000000dd080000,0x00000000de2f3250,0x00000000de600000)
  to   space 24064K, 0% used [0x00000000e1200000,0x00000000e1200000,0x00000000e2980000)
 ParOldGen       total 120320K, used 33795K [0x0000000086400000, 0x000000008d980000, 0x00000000d7700000)
  object space 120320K, 28% used [0x0000000086400000,0x0000000088500c88,0x000000008d980000)
 Metaspace       used 44474K, capacity 45138K, committed 45488K, reserved 1089536K
  class space    used 5538K, capacity 5725K, committed 5808K, reserved 1048576K
}
Event: 5.379 GC heap before
{Heap before GC invocations=10 (full 2):
 PSYoungGen      total 113664K, used 110540K [0x00000000d7700000, 0x00000000e2980000, 0x0000000100000000)
  eden space 91648K, 100% used [0x00000000d7700000,0x00000000dd080000,0x00000000dd080000)
  from space 22016K, 85% used [0x00000000dd080000,0x00000000de2f3250,0x00000000de600000)
  to   space 24064K, 0% used [0x00000000e1200000,0x00000000e1200000,0x00000000e2980000)
 ParOldGen       total 120320K, used 33795K [0x0000000086400000, 0x000000008d980000, 0x00000000d7700000)
  object space 120320K, 28% used [0x0000000086400000,0x0000000088500c88,0x000000008d980000)
 Metaspace       used 50808K, capacity 51748K, committed 52016K, reserved 1095680K
  class space    used 6100K, capacity 6346K, committed 6448K, reserved 1048576K
Event: 5.397 GC heap after
Heap after GC invocations=10 (full 2):
 PSYoungGen      total 154624K, used 24063K [0x00000000d7700000, 0x00000000e2e00000, 0x0000000100000000)
  eden space 130560K, 0% used [0x00000000d7700000,0x00000000d7700000,0x00000000df680000)
  from space 24064K, 99% used [0x00000000e1200000,0x00000000e297fd68,0x00000000e2980000)
  to   space 28160K, 0% used [0x00000000df680000,0x00000000df680000,0x00000000e1200000)
 ParOldGen       total 120320K, used 34697K [0x0000000086400000, 0x000000008d980000, 0x00000000d7700000)
  object space 120320K, 28% used [0x0000000086400000,0x00000000885e2798,0x000000008d980000)
 Metaspace       used 50808K, capacity 51748K, committed 52016K, reserved 1095680K
  class space    used 6100K, capacity 6346K, committed 6448K, reserved 1048576K
}
Event: 7.266 GC heap before
{Heap before GC invocations=11 (full 2):
 PSYoungGen      total 154624K, used 106765K [0x00000000d7700000, 0x00000000e2e00000, 0x0000000100000000)
  eden space 130560K, 63% used [0x00000000d7700000,0x00000000dc7c3818,0x00000000df680000)
  from space 24064K, 99% used [0x00000000e1200000,0x00000000e297fd68,0x00000000e2980000)
  to   space 28160K, 0% used [0x00000000df680000,0x00000000df680000,0x00000000e1200000)
 ParOldGen       total 120320K, used 34697K [0x0000000086400000, 0x000000008d980000, 0x00000000d7700000)
  object space 120320K, 28% used [0x0000000086400000,0x00000000885e2798,0x000000008d980000)
 Metaspace       used 57890K, capacity 58838K, committed 59160K, reserved 1101824K
  class space    used 6742K, capacity 6979K, committed 7088K, reserved 1048576K
Event: 7.297 GC heap after
Heap after GC invocations=11 (full 2):
 PSYoungGen      total 158720K, used 28156K [0x00000000d7700000, 0x00000000e5600000, 0x0000000100000000)
  eden space 130560K, 0% used [0x00000000d7700000,0x00000000d7700000,0x00000000df680000)
  from space 28160K, 99% used [0x00000000df680000,0x00000000e11ff120,0x00000000e1200000)
  to   space 32768K, 0% used [0x00000000e3600000,0x00000000e3600000,0x00000000e5600000)
 ParOldGen       total 120320K, used 36683K [0x0000000086400000, 0x000000008d980000, 0x00000000d7700000)
  object space 120320K, 30% used [0x0000000086400000,0x00000000887d2dc8,0x000000008d980000)
 Metaspace       used 57890K, capacity 58838K, committed 59160K, reserved 1101824K
  class space    used 6742K, capacity 6979K, committed 7088K, reserved 1048576K
}
Event: 7.297 GC heap before
{Heap before GC invocations=12 (full 3):
 PSYoungGen      total 158720K, used 28156K [0x00000000d7700000, 0x00000000e5600000, 0x0000000100000000)
  eden space 130560K, 0% used [0x00000000d7700000,0x00000000d7700000,0x00000000df680000)
  from space 28160K, 99% used [0x00000000df680000,0x00000000e11ff120,0x00000000e1200000)
  to   space 32768K, 0% used [0x00000000e3600000,0x00000000e3600000,0x00000000e5600000)
 ParOldGen       total 120320K, used 36683K [0x0000000086400000, 0x000000008d980000, 0x00000000d7700000)
  object space 120320K, 30% used [0x0000000086400000,0x00000000887d2dc8,0x000000008d980000)
 Metaspace       used 57890K, capacity 58838K, committed 59160K, reserved 1101824K
  class space    used 6742K, capacity 6979K, committed 7088K, reserved 1048576K
Event: 7.578 GC heap after
Heap after GC invocations=12 (full 3):
 PSYoungGen      total 158720K, used 0K [0x00000000d7700000, 0x00000000e5600000, 0x0000000100000000)
  eden space 130560K, 0% used [0x00000000d7700000,0x00000000d7700000,0x00000000df680000)
  from space 28160K, 0% used [0x00000000df680000,0x00000000df680000,0x00000000e1200000)
  to   space 32768K, 0% used [0x00000000e3600000,0x00000000e3600000,0x00000000e5600000)
 ParOldGen       total 120320K, used 57671K [0x0000000086400000, 0x000000008d980000, 0x00000000d7700000)
  object space 120320K, 47% used [0x0000000086400000,0x0000000089c51c28,0x000000008d980000)
 Metaspace       used 57890K, capacity 58838K, committed 59160K, reserved 1101824K
  class space    used 6742K, capacity 6979K, committed 7088K, reserved 1048576K
}

